0123456789
================

=== UNARCHIVE AND STRUCTURE ===
OK!

=== COMPILE ===
Skipping (python)

=== EVALUATION ===

== A-STAR ==
  Passed 5 / 5 tests.

== BFS ==
  Passed 3 / 3 tests.

== HEURISTIC-CONSISTENT ==
  Passed 5 / 5 tests.

== HEURISTIC-OPTIMISTIC ==
  Passed 4 / 5 tests.

- Failed test: HEURISTIC-OPTIMISTIC 3x3_misplaced_heuristic.txt
- Command run: python3 solution.py --ss 3x3_puzzle.txt --h 3x3_misplaced_heuristic.txt --check-optimistic 
Execution timed out.

== UCS ==
  Passed 3 / 3 tests.

=== TOTAL RESULTS ===
20 / 21 tests passed. (95.23809523809524%)

